<?xml version="1.0" encoding="UTF-8"?>
<!-- Generated by org.testng.reporters.JUnitXMLReporter -->
<testsuite ignored="0" hostname="KairosHW0441" failures="0" tests="2" name="Test" time="1.027" errors="0" timestamp="2023-06-14T13:52:27 IST">
  <testcase classname="com.GoogleService.Baseclass.BaseClass" name="@BeforeClass setUp" time="-1.68673094631E9">
    <failure type="org.testng.TestNGException" message="
Parameter &amp;apos;Browser&amp;apos; is required by BeforeClass on method setUp but has not been marked @Optional or defined
in C:\Users\ImranMohd-Kairos\EclipseFolder\Googleservice\testng1.xml">
      <![CDATA[org.testng.TestNGException: 
Parameter 'Browser' is required by BeforeClass on method setUp but has not been marked @Optional or defined
in C:\Users\ImranMohd-Kairos\EclipseFolder\Googleservice\testng1.xml
at java.base/java.util.ArrayList.forEach(ArrayList.java:1511)
... Removed 22 stack frames]]>
    </failure>
  </testcase> <!-- @BeforeClass setUp -->
  <testcase classname="com.GoogleService.Baseclass.BaseClass" name="@AfterClass tearDown" time="0.0">
    <skipped/>
  </testcase> <!-- @AfterClass tearDown -->
  <testcase classname="com.GoogleService.Baseclass.BaseClass" name="@BeforeClass setUp" time="-1.686730946346E9">
    <failure type="org.testng.TestNGException" message="
Parameter &amp;apos;Browser&amp;apos; is required by BeforeClass on method setUp but has not been marked @Optional or defined
in C:\Users\ImranMohd-Kairos\EclipseFolder\Googleservice\testng1.xml">
      <![CDATA[org.testng.TestNGException: 
Parameter 'Browser' is required by BeforeClass on method setUp but has not been marked @Optional or defined
in C:\Users\ImranMohd-Kairos\EclipseFolder\Googleservice\testng1.xml
at java.base/java.util.ArrayList.forEach(ArrayList.java:1511)
... Removed 22 stack frames]]>
    </failure>
  </testcase> <!-- @BeforeClass setUp -->
  <testcase classname="com.GoogleService.Baseclass.BaseClass" name="@AfterClass tearDown" time="0.0">
    <skipped/>
  </testcase> <!-- @AfterClass tearDown -->
  <testcase classname="com.GoogleService.Testcases.TC_SignInFunctionality" name="signInFunctionalityTest" time="0.0">
    <skipped/>
  </testcase> <!-- signInFunctionalityTest -->
  <testcase classname="com.GoogleService.Testcases.TC_AdvancedSearchOptionTest" name="googleHomePageTest" time="0.0">
    <skipped/>
  </testcase> <!-- googleHomePageTest -->
</testsuite> <!-- Test -->
